{"sessionId":"4384f2","timestamp":1772725794406,"location":"signinTouristAdmin.php","message":"POST received","data":{"username":"Maria C.","username_len":8,"has_password":true},"hypothesisId":"H3,H4"}
{"sessionId":"4384f2","timestamp":1772725794421,"location":"signinTouristAdmin.php","message":"lookup result","data":{"active_row_found":false,"user_by_username":null},"hypothesisId":"H1,H2,H5"}
{"sessionId":"4384f2","timestamp":1772725794422,"location":"signinTouristAdmin.php","message":"Account not found or inactive branch","data":{"username":"Maria C."},"hypothesisId":"H1,H2"}
{"sessionId":"4384f2","timestamp":1772725915128,"location":"signinTouristAdmin.php","message":"POST received","data":{"username":"Maria C.","username_len":8,"has_password":false},"hypothesisId":"H3,H4"}
{"sessionId":"4384f2","timestamp":1772725915134,"location":"signinTouristAdmin.php","message":"lookup result","data":{"active_row_found":false,"user_by_username":null},"hypothesisId":"H1,H2,H5"}
{"sessionId":"4384f2","timestamp":1772725915135,"location":"signinTouristAdmin.php","message":"Account not found or inactive branch","data":{"username":"Maria C."},"hypothesisId":"H1,H2"}
{"sessionId":"4384f2","timestamp":1772725932898,"location":"signinTouristAdmin.php","message":"POST received","data":{"username":"Maria C.","username_len":8,"has_password":false},"hypothesisId":"H3,H4"}
{"sessionId":"4384f2","timestamp":1772725932900,"location":"signinTouristAdmin.php","message":"lookup result","data":{"active_row_found":false,"user_by_username":null},"hypothesisId":"H1,H2,H5"}
{"sessionId":"4384f2","timestamp":1772725932900,"location":"signinTouristAdmin.php","message":"Account not found or inactive branch","data":{"username":"Maria C."},"hypothesisId":"H1,H2"}
{"sessionId":"4384f2","timestamp":1772726084905,"location":"signinTouristAdmin.php","message":"POST received","data":{"username":"Maria C.","username_len":8,"has_password":false},"hypothesisId":"H3,H4"}
{"sessionId":"4384f2","timestamp":1772726084907,"location":"signinTouristAdmin.php","message":"lookup result","data":{"active_row_found":true,"user_by_username":{"id":8,"role":"admin","status":"Active"}},"hypothesisId":"H1,H2,H5"}
{"sessionId":"4384f2","timestamp":1772726130139,"location":"signinTouristAdmin.php","message":"POST received","data":{"username":"Maria C.","username_len":8,"has_password":false},"hypothesisId":"H3,H4"}
{"sessionId":"4384f2","timestamp":1772726130143,"location":"signinTouristAdmin.php","message":"lookup result","data":{"active_row_found":true,"user_by_username":{"id":8,"role":"admin","status":"Active"}},"hypothesisId":"H1,H2,H5"}
{"sessionId":"4384f2","timestamp":1772726307396,"location":"signinTouristAdmin.php","message":"POST received","data":{"username":"Maria C.","username_len":8,"has_password":false},"hypothesisId":"H3,H4"}
{"sessionId":"4384f2","timestamp":1772726307399,"location":"signinTouristAdmin.php","message":"lookup result","data":{"active_row_found":true,"user_by_username":{"id":8,"role":"admin","status":"Active"}},"hypothesisId":"H1,H2,H5"}
{"sessionId":"4384f2","timestamp":1772726428108,"location":"signinTouristAdmin.php","message":"POST received","data":{"username":"Maria C.","username_len":8,"has_password":true},"hypothesisId":"H3,H4"}
{"sessionId":"4384f2","timestamp":1772726428118,"location":"signinTouristAdmin.php","message":"lookup result","data":{"active_row_found":true,"user_by_username":{"id":8,"role":"admin","status":"Active"}},"hypothesisId":"H1,H2,H5"}
{"sessionId":"4384f2","timestamp":1772726733869,"location":"signinTouristAdmin.php","message":"POST received","data":{"username":"Maria C.","username_len":8,"has_password":false},"hypothesisId":"H3,H4"}
{"sessionId":"4384f2","timestamp":1772726733877,"location":"signinTouristAdmin.php","message":"lookup result","data":{"active_row_found":true,"user_by_username":{"id":8,"role":"admin","status":"Active"}},"hypothesisId":"H1,H2,H5"}
{"sessionId":"4384f2","timestamp":1772726773682,"location":"signinTouristAdmin.php","message":"POST received","data":{"username":"Christian","username_len":9,"has_password":true},"hypothesisId":"H3,H4"}
{"sessionId":"4384f2","timestamp":1772726773688,"location":"signinTouristAdmin.php","message":"lookup result","data":{"active_row_found":true,"user_by_username":{"id":9,"role":"admin","status":"Active"}},"hypothesisId":"H1,H2,H5"}
{"sessionId":"4384f2","timestamp":1772726972001,"location":"signinTouristAdmin.php","message":"POST received","data":{"username":"Maria C.","username_len":8,"has_password":false},"hypothesisId":"H3,H4"}
{"sessionId":"4384f2","timestamp":1772726972005,"location":"signinTouristAdmin.php","message":"lookup result","data":{"active_row_found":true,"user_by_username":{"id":8,"role":"admin","status":"Active"}},"hypothesisId":"H1,H2,H5"}
{"sessionId":"4384f2","timestamp":1772726980501,"location":"signinTouristAdmin.php","message":"POST received","data":{"username":"Christian","username_len":9,"has_password":true},"hypothesisId":"H3,H4"}
{"sessionId":"4384f2","timestamp":1772726980505,"location":"signinTouristAdmin.php","message":"lookup result","data":{"active_row_found":true,"user_by_username":{"id":9,"role":"admin","status":"Active"}},"hypothesisId":"H1,H2,H5"}
{"sessionId":"4384f2","timestamp":1772727009282,"location":"signinTouristAdmin.php","message":"POST received","data":{"username":"Christian","username_len":9,"has_password":true},"hypothesisId":"H3,H4"}
{"sessionId":"4384f2","timestamp":1772727009286,"location":"signinTouristAdmin.php","message":"lookup result","data":{"active_row_found":true,"user_by_username":{"id":9,"role":"admin","status":"Active"}},"hypothesisId":"H1,H2,H5"}
{"sessionId":"4384f2","timestamp":1772727229380,"location":"signinTouristAdmin.php","message":"POST received","data":{"username":"Christian","username_len":9,"has_password":true},"hypothesisId":"H3,H4"}
{"sessionId":"4384f2","timestamp":1772727229384,"location":"signinTouristAdmin.php","message":"lookup result","data":{"active_row_found":true,"user_by_username":{"id":9,"role":"admin","status":"Active"}},"hypothesisId":"H1,H2,H5"}
{"sessionId":"4384f2","timestamp":1772727240314,"location":"signinTouristAdmin.php","message":"POST received","data":{"username":"Maria C.","username_len":8,"has_password":false},"hypothesisId":"H3,H4"}
{"sessionId":"4384f2","timestamp":1772727240317,"location":"signinTouristAdmin.php","message":"lookup result","data":{"active_row_found":true,"user_by_username":{"id":8,"role":"admin","status":"Active"}},"hypothesisId":"H1,H2,H5"}
{"sessionId":"4384f2","timestamp":1772727668769,"location":"signinTouristAdmin.php","message":"POST received","data":{"username":"Maria C.","username_len":8,"has_password":false},"hypothesisId":"H3,H4"}
{"sessionId":"4384f2","timestamp":1772727668773,"location":"signinTouristAdmin.php","message":"lookup result","data":{"active_row_found":true,"user_by_username":{"id":8,"role":"admin","status":"Active"}},"hypothesisId":"H1,H2,H5"}
{"sessionId":"4384f2","timestamp":1772727683886,"location":"signinTouristAdmin.php","message":"POST received","data":{"username":"noya12334","username_len":9,"has_password":true},"hypothesisId":"H3,H4"}
{"sessionId":"4384f2","timestamp":1772727683889,"location":"signinTouristAdmin.php","message":"lookup result","data":{"active_row_found":true,"user_by_username":{"id":11,"role":"guide","status":"Active"}},"hypothesisId":"H1,H2,H5"}
{"sessionId":"4384f2","timestamp":1772727713683,"location":"signinTouristAdmin.php","message":"POST received","data":{"username":"Maria C.","username_len":8,"has_password":false},"hypothesisId":"H3,H4"}
{"sessionId":"4384f2","timestamp":1772727713687,"location":"signinTouristAdmin.php","message":"lookup result","data":{"active_row_found":true,"user_by_username":{"id":8,"role":"admin","status":"Active"}},"hypothesisId":"H1,H2,H5"}
{"sessionId":"4384f2","timestamp":1772727895772,"location":"signinTouristAdmin.php","message":"POST received","data":{"username":"jus1","username_len":4,"has_password":true},"hypothesisId":"H3,H4"}
{"sessionId":"4384f2","timestamp":1772727895776,"location":"signinTouristAdmin.php","message":"lookup result","data":{"active_row_found":true,"user_by_username":{"id":5,"role":"","status":"Active"}},"hypothesisId":"H1,H2,H5"}
{"sessionId":"4384f2","timestamp":1772728324754,"location":"signinTouristAdmin.php","message":"POST received","data":{"username":"Maria C.","username_len":8,"has_password":false},"hypothesisId":"H3,H4"}
{"sessionId":"4384f2","timestamp":1772728324757,"location":"signinTouristAdmin.php","message":"lookup result","data":{"active_row_found":true,"user_by_username":{"id":8,"role":"admin","status":"Active"}},"hypothesisId":"H1,H2,H5"}
{"sessionId":"4384f2","timestamp":1772728437953,"location":"signinTouristAdmin.php","message":"POST received","data":{"username":"jus1","username_len":4,"has_password":true},"hypothesisId":"H3,H4"}
{"sessionId":"4384f2","timestamp":1772728437959,"location":"signinTouristAdmin.php","message":"lookup result","data":{"active_row_found":true,"user_by_username":{"id":5,"role":"","status":"Active"}},"hypothesisId":"H1,H2,H5"}
{"sessionId":"4384f2","timestamp":1772728447483,"location":"signinTouristAdmin.php","message":"POST received","data":{"username":"jus1","username_len":4,"has_password":true},"hypothesisId":"H3,H4"}
{"sessionId":"4384f2","timestamp":1772728447489,"location":"signinTouristAdmin.php","message":"lookup result","data":{"active_row_found":true,"user_by_username":{"id":5,"role":"","status":"Active"}},"hypothesisId":"H1,H2,H5"}
{"sessionId":"4384f2","timestamp":1772728720723,"location":"signinTouristAdmin.php","message":"POST received","data":{"username":"jus1","username_len":4,"has_password":true},"hypothesisId":"H3,H4"}
{"sessionId":"4384f2","timestamp":1772728720725,"location":"signinTouristAdmin.php","message":"lookup result","data":{"active_row_found":true,"user_by_username":{"id":5,"role":"","status":"Active"}},"hypothesisId":"H1,H2,H5"}
{"sessionId":"4384f2","timestamp":1772728906255,"location":"signinTouristAdmin.php","message":"POST received","data":{"username":"jus1","username_len":4,"has_password":true},"hypothesisId":"H3,H4"}
{"sessionId":"4384f2","timestamp":1772728906257,"location":"signinTouristAdmin.php","message":"lookup result","data":{"active_row_found":true,"user_by_username":{"id":5,"role":"","status":"Active"}},"hypothesisId":"H1,H2,H5"}
{"sessionId":"4384f2","timestamp":1772728911733,"location":"signinTouristAdmin.php","message":"POST received","data":{"username":"jus1","username_len":4,"has_password":true},"hypothesisId":"H3,H4"}
{"sessionId":"4384f2","timestamp":1772728911736,"location":"signinTouristAdmin.php","message":"lookup result","data":{"active_row_found":true,"user_by_username":{"id":5,"role":"","status":"Active"}},"hypothesisId":"H1,H2,H5"}
{"sessionId":"4384f2","timestamp":1772728988411,"location":"signinTouristAdmin.php","message":"POST received","data":{"username":"Maria C.","username_len":8,"has_password":false},"hypothesisId":"H3,H4"}
{"sessionId":"4384f2","timestamp":1772728988416,"location":"signinTouristAdmin.php","message":"lookup result","data":{"active_row_found":true,"user_by_username":{"id":8,"role":"admin","status":"Active"}},"hypothesisId":"H1,H2,H5"}
{"sessionId":"4384f2","timestamp":1772729007274,"location":"signinTouristAdmin.php","message":"POST received","data":{"username":"noya1233","username_len":8,"has_password":true},"hypothesisId":"H3,H4"}
{"sessionId":"4384f2","timestamp":1772729007278,"location":"signinTouristAdmin.php","message":"lookup result","data":{"active_row_found":true,"user_by_username":{"id":7,"role":"guide","status":"Active"}},"hypothesisId":"H1,H2,H5"}
{"sessionId":"4384f2","timestamp":1772729413868,"location":"signinTouristAdmin.php","message":"POST received","data":{"username":"jus1","username_len":4,"has_password":true},"hypothesisId":"H3,H4"}
{"sessionId":"4384f2","timestamp":1772729413870,"location":"signinTouristAdmin.php","message":"lookup result","data":{"active_row_found":true,"user_by_username":{"id":5,"role":"","status":"Active"}},"hypothesisId":"H1,H2,H5"}
{"sessionId":"4384f2","timestamp":1772730214293,"location":"signinTouristAdmin.php","message":"POST received","data":{"username":"Maria C.","username_len":8,"has_password":false},"hypothesisId":"H3,H4"}
{"sessionId":"4384f2","timestamp":1772730214299,"location":"signinTouristAdmin.php","message":"lookup result","data":{"active_row_found":true,"user_by_username":{"id":8,"role":"admin","status":"Active"}},"hypothesisId":"H1,H2,H5"}
{"sessionId":"4384f2","timestamp":1772730684792,"location":"signinTouristAdmin.php","message":"POST received","data":{"username":"jus1","username_len":4,"has_password":true},"hypothesisId":"H3,H4"}
{"sessionId":"4384f2","timestamp":1772730684795,"location":"signinTouristAdmin.php","message":"lookup result","data":{"active_row_found":true,"user_by_username":{"id":5,"role":"","status":"Active"}},"hypothesisId":"H1,H2,H5"}
{"sessionId":"4384f2","timestamp":1772730798503,"location":"signinTouristAdmin.php","message":"POST received","data":{"username":"jus1","username_len":4,"has_password":true},"hypothesisId":"H3,H4"}
{"sessionId":"4384f2","timestamp":1772730798506,"location":"signinTouristAdmin.php","message":"lookup result","data":{"active_row_found":true,"user_by_username":{"id":5,"role":"","status":"Active"}},"hypothesisId":"H1,H2,H5"}
{"sessionId":"4384f2","timestamp":1772774041008,"location":"signinTouristAdmin.php","message":"POST received","data":{"username":"noya1233","username_len":8,"has_password":true},"hypothesisId":"H3,H4"}
{"sessionId":"4384f2","timestamp":1772774041012,"location":"signinTouristAdmin.php","message":"lookup result","data":{"active_row_found":true,"user_by_username":{"id":7,"role":"guide","status":"Active"}},"hypothesisId":"H1,H2,H5"}
{"sessionId":"4384f2","timestamp":1772774073832,"location":"signinTouristAdmin.php","message":"POST received","data":{"username":"jus1","username_len":4,"has_password":true},"hypothesisId":"H3,H4"}
{"sessionId":"4384f2","timestamp":1772774073838,"location":"signinTouristAdmin.php","message":"lookup result","data":{"active_row_found":true,"user_by_username":{"id":5,"role":"","status":"Active"}},"hypothesisId":"H1,H2,H5"}
{"sessionId":"4384f2","timestamp":1772775367275,"location":"signinTouristAdmin.php","message":"POST received","data":{"username":"noya1233","username_len":8,"has_password":true},"hypothesisId":"H3,H4"}
{"sessionId":"4384f2","timestamp":1772775367278,"location":"signinTouristAdmin.php","message":"lookup result","data":{"active_row_found":true,"user_by_username":{"id":7,"role":"guide","status":"Active"}},"hypothesisId":"H1,H2,H5"}
{"sessionId":"4384f2","timestamp":1772775675784,"location":"signinTouristAdmin.php","message":"POST received","data":{"username":"jus1","username_len":4,"has_password":true},"hypothesisId":"H3,H4"}
{"sessionId":"4384f2","timestamp":1772775675786,"location":"signinTouristAdmin.php","message":"lookup result","data":{"active_row_found":true,"user_by_username":{"id":5,"role":"","status":"Active"}},"hypothesisId":"H1,H2,H5"}
{"sessionId":"4384f2","timestamp":1772775737961,"location":"signinTouristAdmin.php","message":"POST received","data":{"username":"noya1233","username_len":8,"has_password":true},"hypothesisId":"H3,H4"}
{"sessionId":"4384f2","timestamp":1772775737963,"location":"signinTouristAdmin.php","message":"lookup result","data":{"active_row_found":true,"user_by_username":{"id":7,"role":"guide","status":"Active"}},"hypothesisId":"H1,H2,H5"}
{"sessionId":"4384f2","timestamp":1772777250118,"location":"signinTouristAdmin.php","message":"POST received","data":{"username":"jus1","username_len":4,"has_password":true},"hypothesisId":"H3,H4"}
{"sessionId":"4384f2","timestamp":1772777250124,"location":"signinTouristAdmin.php","message":"lookup result","data":{"active_row_found":true,"user_by_username":{"id":5,"role":"","status":"Active"}},"hypothesisId":"H1,H2,H5"}
{"sessionId":"4384f2","timestamp":1772777599579,"location":"signinTouristAdmin.php","message":"POST received","data":{"username":"noya1233","username_len":8,"has_password":true},"hypothesisId":"H3,H4"}
{"sessionId":"4384f2","timestamp":1772777599583,"location":"signinTouristAdmin.php","message":"lookup result","data":{"active_row_found":true,"user_by_username":{"id":7,"role":"guide","status":"Active"}},"hypothesisId":"H1,H2,H5"}
{"sessionId":"4384f2","timestamp":1772778185429,"location":"signinTouristAdmin.php","message":"POST received","data":{"username":"noya1233","username_len":8,"has_password":true},"hypothesisId":"H3,H4"}
{"sessionId":"4384f2","timestamp":1772778185432,"location":"signinTouristAdmin.php","message":"lookup result","data":{"active_row_found":true,"user_by_username":{"id":7,"role":"guide","status":"Active"}},"hypothesisId":"H1,H2,H5"}
{"sessionId":"4384f2","timestamp":1772778782226,"location":"signinTouristAdmin.php","message":"POST received","data":{"username":"Maria C.","username_len":8,"has_password":false},"hypothesisId":"H3,H4"}
{"sessionId":"4384f2","timestamp":1772778782228,"location":"signinTouristAdmin.php","message":"lookup result","data":{"active_row_found":true,"user_by_username":{"id":8,"role":"admin","status":"Active"}},"hypothesisId":"H1,H2,H5"}
{"sessionId":"4384f2","timestamp":1772779629739,"location":"signinTouristAdmin.php","message":"POST received","data":{"username":"jus1","username_len":4,"has_password":true},"hypothesisId":"H3,H4"}
{"sessionId":"4384f2","timestamp":1772779629744,"location":"signinTouristAdmin.php","message":"lookup result","data":{"active_row_found":true,"user_by_username":{"id":5,"role":"","status":"Active"}},"hypothesisId":"H1,H2,H5"}
{"sessionId":"4384f2","timestamp":1772779781867,"location":"signinTouristAdmin.php","message":"POST received","data":{"username":"Maria C.","username_len":8,"has_password":false},"hypothesisId":"H3,H4"}
{"sessionId":"4384f2","timestamp":1772779781870,"location":"signinTouristAdmin.php","message":"lookup result","data":{"active_row_found":true,"user_by_username":{"id":8,"role":"admin","status":"Active"}},"hypothesisId":"H1,H2,H5"}
{"sessionId":"4384f2","timestamp":1772779836446,"location":"signinTouristAdmin.php","message":"POST received","data":{"username":"jus1","username_len":4,"has_password":true},"hypothesisId":"H3,H4"}
{"sessionId":"4384f2","timestamp":1772779836454,"location":"signinTouristAdmin.php","message":"lookup result","data":{"active_row_found":true,"user_by_username":{"id":5,"role":"","status":"Active"}},"hypothesisId":"H1,H2,H5"}
{"sessionId":"4384f2","timestamp":1772780733616,"location":"signinTouristAdmin.php","message":"POST received","data":{"username":"noya1233","username_len":8,"has_password":true},"hypothesisId":"H3,H4"}
{"sessionId":"4384f2","timestamp":1772780733620,"location":"signinTouristAdmin.php","message":"lookup result","data":{"active_row_found":true,"user_by_username":{"id":7,"role":"guide","status":"Active"}},"hypothesisId":"H1,H2,H5"}
{"sessionId":"4384f2","timestamp":1772780916694,"location":"signinTouristAdmin.php","message":"POST received","data":{"username":"Maria C.","username_len":8,"has_password":false},"hypothesisId":"H3,H4"}
{"sessionId":"4384f2","timestamp":1772780916698,"location":"signinTouristAdmin.php","message":"lookup result","data":{"active_row_found":true,"user_by_username":{"id":8,"role":"admin","status":"Active"}},"hypothesisId":"H1,H2,H5"}
{"sessionId":"4384f2","timestamp":1772780993298,"location":"signinTouristAdmin.php","message":"POST received","data":{"username":"jus1","username_len":4,"has_password":true},"hypothesisId":"H3,H4"}
{"sessionId":"4384f2","timestamp":1772780993300,"location":"signinTouristAdmin.php","message":"lookup result","data":{"active_row_found":true,"user_by_username":{"id":5,"role":"","status":"Active"}},"hypothesisId":"H1,H2,H5"}
{"sessionId":"4384f2","timestamp":1772780998676,"location":"signinTouristAdmin.php","message":"POST received","data":{"username":"jus1","username_len":4,"has_password":true},"hypothesisId":"H3,H4"}
{"sessionId":"4384f2","timestamp":1772780998679,"location":"signinTouristAdmin.php","message":"lookup result","data":{"active_row_found":true,"user_by_username":{"id":5,"role":"","status":"Active"}},"hypothesisId":"H1,H2,H5"}
{"sessionId":"4384f2","timestamp":1772781007573,"location":"signinTouristAdmin.php","message":"POST received","data":{"username":"jus1","username_len":4,"has_password":true},"hypothesisId":"H3,H4"}
{"sessionId":"4384f2","timestamp":1772781007575,"location":"signinTouristAdmin.php","message":"lookup result","data":{"active_row_found":true,"user_by_username":{"id":5,"role":"","status":"Active"}},"hypothesisId":"H1,H2,H5"}
{"sessionId":"4384f2","timestamp":1772781075200,"location":"signinTouristAdmin.php","message":"POST received","data":{"username":"jose123","username_len":7,"has_password":true},"hypothesisId":"H3,H4"}
{"sessionId":"4384f2","timestamp":1772781075205,"location":"signinTouristAdmin.php","message":"lookup result","data":{"active_row_found":true,"user_by_username":{"id":12,"role":"tourist","status":"Active"}},"hypothesisId":"H1,H2,H5"}
{"sessionId":"4384f2","timestamp":1772781514236,"location":"signinTouristAdmin.php","message":"POST received","data":{"username":"Maria C.","username_len":8,"has_password":false},"hypothesisId":"H3,H4"}
{"sessionId":"4384f2","timestamp":1772781514242,"location":"signinTouristAdmin.php","message":"lookup result","data":{"active_row_found":true,"user_by_username":{"id":8,"role":"admin","status":"Active"}},"hypothesisId":"H1,H2,H5"}
{"sessionId":"4384f2","timestamp":1772783088711,"location":"signinTouristAdmin.php","message":"POST received","data":{"username":"Maria C.","username_len":8,"has_password":false},"hypothesisId":"H3,H4"}
{"sessionId":"4384f2","timestamp":1772783088715,"location":"signinTouristAdmin.php","message":"lookup result","data":{"active_row_found":true,"user_by_username":{"id":8,"role":"admin","status":"Active"}},"hypothesisId":"H1,H2,H5"}
{"sessionId":"4384f2","timestamp":1772783785440,"location":"signinTouristAdmin.php","message":"POST received","data":{"username":"Maria C.","username_len":8,"has_password":false},"hypothesisId":"H3,H4"}
{"sessionId":"4384f2","timestamp":1772783785445,"location":"signinTouristAdmin.php","message":"lookup result","data":{"active_row_found":true,"user_by_username":{"id":8,"role":"admin","status":"Active"}},"hypothesisId":"H1,H2,H5"}
{"sessionId":"4384f2","timestamp":1772785853863,"location":"signinTouristAdmin.php","message":"POST received","data":{"username":"jus1","username_len":4,"has_password":true},"hypothesisId":"H3,H4"}
{"sessionId":"4384f2","timestamp":1772785853866,"location":"signinTouristAdmin.php","message":"lookup result","data":{"active_row_found":true,"user_by_username":{"id":5,"role":"","status":"Active"}},"hypothesisId":"H1,H2,H5"}
{"sessionId":"4384f2","timestamp":1772785858340,"location":"signinTouristAdmin.php","message":"POST received","data":{"username":"jus1","username_len":4,"has_password":true},"hypothesisId":"H3,H4"}
{"sessionId":"4384f2","timestamp":1772785858342,"location":"signinTouristAdmin.php","message":"lookup result","data":{"active_row_found":true,"user_by_username":{"id":5,"role":"","status":"Active"}},"hypothesisId":"H1,H2,H5"}
{"sessionId":"4384f2","timestamp":1772785908006,"location":"signinTouristAdmin.php","message":"POST received","data":{"username":"jus1","username_len":4,"has_password":true},"hypothesisId":"H3,H4"}
{"sessionId":"4384f2","timestamp":1772785908008,"location":"signinTouristAdmin.php","message":"lookup result","data":{"active_row_found":true,"user_by_username":{"id":5,"role":"","status":"Active"}},"hypothesisId":"H1,H2,H5"}
{"sessionId":"4384f2","timestamp":1772785931795,"location":"signinTouristAdmin.php","message":"POST received","data":{"username":"jose123","username_len":7,"has_password":true},"hypothesisId":"H3,H4"}
{"sessionId":"4384f2","timestamp":1772785931797,"location":"signinTouristAdmin.php","message":"lookup result","data":{"active_row_found":true,"user_by_username":{"id":12,"role":"tourist","status":"Active"}},"hypothesisId":"H1,H2,H5"}
{"sessionId":"4384f2","timestamp":1772785949308,"location":"signinTouristAdmin.php","message":"POST received","data":{"username":"Maria C.","username_len":8,"has_password":false},"hypothesisId":"H3,H4"}
{"sessionId":"4384f2","timestamp":1772785949310,"location":"signinTouristAdmin.php","message":"lookup result","data":{"active_row_found":true,"user_by_username":{"id":8,"role":"admin","status":"Active"}},"hypothesisId":"H1,H2,H5"}
{"sessionId":"4384f2","timestamp":1772786768141,"location":"signinTouristAdmin.php","message":"POST received","data":{"username":"Christian","username_len":9,"has_password":true},"hypothesisId":"H3,H4"}
{"sessionId":"4384f2","timestamp":1772786768145,"location":"signinTouristAdmin.php","message":"lookup result","data":{"active_row_found":true,"user_by_username":{"id":9,"role":"admin","status":"Active"}},"hypothesisId":"H1,H2,H5"}
{"sessionId":"4384f2","timestamp":1772788191064,"location":"signinTouristAdmin.php","message":"POST received","data":{"username":"Maria C.","username_len":8,"has_password":false},"hypothesisId":"H3,H4"}
{"sessionId":"4384f2","timestamp":1772788191075,"location":"signinTouristAdmin.php","message":"lookup result","data":{"active_row_found":true,"user_by_username":{"id":8,"role":"admin","status":"Active"}},"hypothesisId":"H1,H2,H5"}
{"sessionId":"4384f2","timestamp":1772788209720,"location":"signinTouristAdmin.php","message":"POST received","data":{"username":"jose123","username_len":7,"has_password":true},"hypothesisId":"H3,H4"}
{"sessionId":"4384f2","timestamp":1772788209722,"location":"signinTouristAdmin.php","message":"lookup result","data":{"active_row_found":true,"user_by_username":{"id":12,"role":"tourist","status":"Active"}},"hypothesisId":"H1,H2,H5"}
{"sessionId":"4384f2","timestamp":1772788805314,"location":"signinTouristAdmin.php","message":"POST received","data":{"username":"Maria C.","username_len":8,"has_password":false},"hypothesisId":"H3,H4"}
{"sessionId":"4384f2","timestamp":1772788805316,"location":"signinTouristAdmin.php","message":"lookup result","data":{"active_row_found":true,"user_by_username":{"id":8,"role":"admin","status":"Active"}},"hypothesisId":"H1,H2,H5"}
{"sessionId":"4384f2","timestamp":1772788876239,"location":"signinTouristAdmin.php","message":"POST received","data":{"username":"jose123","username_len":7,"has_password":true},"hypothesisId":"H3,H4"}
{"sessionId":"4384f2","timestamp":1772788876243,"location":"signinTouristAdmin.php","message":"lookup result","data":{"active_row_found":true,"user_by_username":{"id":12,"role":"tourist","status":"Active"}},"hypothesisId":"H1,H2,H5"}
{"sessionId":"4384f2","timestamp":1772788952916,"location":"signinTouristAdmin.php","message":"POST received","data":{"username":"Maria C.","username_len":8,"has_password":false},"hypothesisId":"H3,H4"}
{"sessionId":"4384f2","timestamp":1772788952919,"location":"signinTouristAdmin.php","message":"lookup result","data":{"active_row_found":true,"user_by_username":{"id":8,"role":"admin","status":"Active"}},"hypothesisId":"H1,H2,H5"}
{"sessionId":"4384f2","timestamp":1772789032714,"location":"signinTouristAdmin.php","message":"POST received","data":{"username":"jose123","username_len":7,"has_password":true},"hypothesisId":"H3,H4"}
{"sessionId":"4384f2","timestamp":1772789032716,"location":"signinTouristAdmin.php","message":"lookup result","data":{"active_row_found":true,"user_by_username":{"id":12,"role":"tourist","status":"Active"}},"hypothesisId":"H1,H2,H5"}
{"sessionId":"4384f2","timestamp":1772789041745,"location":"signinTouristAdmin.php","message":"POST received","data":{"username":"jose123","username_len":7,"has_password":true},"hypothesisId":"H3,H4"}
{"sessionId":"4384f2","timestamp":1772789041748,"location":"signinTouristAdmin.php","message":"lookup result","data":{"active_row_found":true,"user_by_username":{"id":12,"role":"tourist","status":"Active"}},"hypothesisId":"H1,H2,H5"}
{"sessionId":"4384f2","timestamp":1772789081016,"location":"signinTouristAdmin.php","message":"POST received","data":{"username":"Maria C.","username_len":8,"has_password":false},"hypothesisId":"H3,H4"}
{"sessionId":"4384f2","timestamp":1772789081018,"location":"signinTouristAdmin.php","message":"lookup result","data":{"active_row_found":true,"user_by_username":{"id":8,"role":"admin","status":"Active"}},"hypothesisId":"H1,H2,H5"}
{"sessionId":"4384f2","timestamp":1772816144051,"location":"signinTouristAdmin.php","message":"POST received","data":{"username":"jose123","username_len":7,"has_password":true},"hypothesisId":"H3,H4"}
{"sessionId":"4384f2","timestamp":1772816144062,"location":"signinTouristAdmin.php","message":"lookup result","data":{"active_row_found":true,"user_by_username":{"id":12,"role":"tourist","status":"Active"}},"hypothesisId":"H1,H2,H5"}
{"sessionId":"4384f2","timestamp":1772816182657,"location":"signinTouristAdmin.php","message":"POST received","data":{"username":"Maria C.","username_len":8,"has_password":false},"hypothesisId":"H3,H4"}
{"sessionId":"4384f2","timestamp":1772816182661,"location":"signinTouristAdmin.php","message":"lookup result","data":{"active_row_found":true,"user_by_username":{"id":8,"role":"admin","status":"Active"}},"hypothesisId":"H1,H2,H5"}
{"sessionId":"4384f2","timestamp":1772816209410,"location":"signinTouristAdmin.php","message":"POST received","data":{"username":"noya1233","username_len":8,"has_password":true},"hypothesisId":"H3,H4"}
{"sessionId":"4384f2","timestamp":1772816209414,"location":"signinTouristAdmin.php","message":"lookup result","data":{"active_row_found":true,"user_by_username":{"id":7,"role":"guide","status":"Active"}},"hypothesisId":"H1,H2,H5"}
{"sessionId":"4384f2","timestamp":1772816264435,"location":"signinTouristAdmin.php","message":"POST received","data":{"username":"jose123","username_len":7,"has_password":true},"hypothesisId":"H3,H4"}
{"sessionId":"4384f2","timestamp":1772816264439,"location":"signinTouristAdmin.php","message":"lookup result","data":{"active_row_found":true,"user_by_username":{"id":12,"role":"tourist","status":"Active"}},"hypothesisId":"H1,H2,H5"}
{"sessionId":"4384f2","timestamp":1772816330228,"location":"signinTouristAdmin.php","message":"POST received","data":{"username":"noya1233","username_len":8,"has_password":true},"hypothesisId":"H3,H4"}
{"sessionId":"4384f2","timestamp":1772816330232,"location":"signinTouristAdmin.php","message":"lookup result","data":{"active_row_found":true,"user_by_username":{"id":7,"role":"guide","status":"Active"}},"hypothesisId":"H1,H2,H5"}
{"sessionId":"4384f2","timestamp":1772816547026,"location":"signinTouristAdmin.php","message":"POST received","data":{"username":"Maria C.","username_len":8,"has_password":true},"hypothesisId":"H3,H4"}
{"sessionId":"4384f2","timestamp":1772816547035,"location":"signinTouristAdmin.php","message":"lookup result","data":{"active_row_found":true,"user_by_username":{"id":8,"role":"admin","status":"Active"}},"hypothesisId":"H1,H2,H5"}
{"sessionId":"4384f2","timestamp":1772819677770,"location":"signinTouristAdmin.php","message":"POST received","data":{"username":"Maria C.","username_len":8,"has_password":false},"hypothesisId":"H3,H4"}
{"sessionId":"4384f2","timestamp":1772819677772,"location":"signinTouristAdmin.php","message":"lookup result","data":{"active_row_found":true,"user_by_username":{"id":8,"role":"admin","status":"Active"}},"hypothesisId":"H1,H2,H5"}
{"sessionId":"4384f2","timestamp":1772819737108,"location":"signinTouristAdmin.php","message":"POST received","data":{"username":"Maria C.","username_len":8,"has_password":false},"hypothesisId":"H3,H4"}
{"sessionId":"4384f2","timestamp":1772819737110,"location":"signinTouristAdmin.php","message":"lookup result","data":{"active_row_found":true,"user_by_username":{"id":8,"role":"admin","status":"Active"}},"hypothesisId":"H1,H2,H5"}
{"sessionId":"4384f2","timestamp":1772820003427,"location":"signinTouristAdmin.php","message":"POST received","data":{"username":"jose123","username_len":7,"has_password":true},"hypothesisId":"H3,H4"}
{"sessionId":"4384f2","timestamp":1772820003429,"location":"signinTouristAdmin.php","message":"lookup result","data":{"active_row_found":true,"user_by_username":{"id":12,"role":"tourist","status":"Active"}},"hypothesisId":"H1,H2,H5"}
{"sessionId":"4384f2","timestamp":1772820238128,"location":"signinTouristAdmin.php","message":"POST received","data":{"username":"noya1233","username_len":8,"has_password":true},"hypothesisId":"H3,H4"}
{"sessionId":"4384f2","timestamp":1772820238131,"location":"signinTouristAdmin.php","message":"lookup result","data":{"active_row_found":true,"user_by_username":{"id":7,"role":"guide","status":"Active"}},"hypothesisId":"H1,H2,H5"}
{"sessionId":"4384f2","timestamp":1772845623890,"location":"signinTouristAdmin.php","message":"POST received","data":{"username":"Maria C.","username_len":8,"has_password":false},"hypothesisId":"H3,H4"}
{"sessionId":"4384f2","timestamp":1772845623893,"location":"signinTouristAdmin.php","message":"lookup result","data":{"active_row_found":true,"user_by_username":{"id":8,"role":"admin","status":"Active"}},"hypothesisId":"H1,H2,H5"}
{"sessionId":"4384f2","timestamp":1772845629690,"location":"signinTouristAdmin.php","message":"POST received","data":{"username":"Maria C.","username_len":8,"has_password":true},"hypothesisId":"H3,H4"}
{"sessionId":"4384f2","timestamp":1772845629694,"location":"signinTouristAdmin.php","message":"lookup result","data":{"active_row_found":true,"user_by_username":{"id":8,"role":"admin","status":"Active"}},"hypothesisId":"H1,H2,H5"}
{"sessionId":"4384f2","timestamp":1772845636550,"location":"signinTouristAdmin.php","message":"POST received","data":{"username":"Maria C.","username_len":8,"has_password":true},"hypothesisId":"H3,H4"}
{"sessionId":"4384f2","timestamp":1772845636551,"location":"signinTouristAdmin.php","message":"lookup result","data":{"active_row_found":true,"user_by_username":{"id":8,"role":"admin","status":"Active"}},"hypothesisId":"H1,H2,H5"}
{"sessionId":"4384f2","timestamp":1772845671650,"location":"signinTouristAdmin.php","message":"POST received","data":{"username":"Christian","username_len":9,"has_password":true},"hypothesisId":"H3,H4"}
{"sessionId":"4384f2","timestamp":1772845671652,"location":"signinTouristAdmin.php","message":"lookup result","data":{"active_row_found":true,"user_by_username":{"id":9,"role":"admin","status":"Active"}},"hypothesisId":"H1,H2,H5"}
{"sessionId":"4384f2","timestamp":1772845677275,"location":"signinTouristAdmin.php","message":"POST received","data":{"username":"Christian","username_len":9,"has_password":true},"hypothesisId":"H3,H4"}
{"sessionId":"4384f2","timestamp":1772845677277,"location":"signinTouristAdmin.php","message":"lookup result","data":{"active_row_found":true,"user_by_username":{"id":9,"role":"admin","status":"Active"}},"hypothesisId":"H1,H2,H5"}
{"sessionId":"4384f2","timestamp":1772845827961,"location":"signinTouristAdmin.php","message":"POST received","data":{"username":"Maria C.","username_len":8,"has_password":true},"hypothesisId":"H3,H4"}
{"sessionId":"4384f2","timestamp":1772845827964,"location":"signinTouristAdmin.php","message":"lookup result","data":{"active_row_found":true,"user_by_username":{"id":8,"role":"admin","status":"Active"}},"hypothesisId":"H1,H2,H5"}
{"sessionId":"4384f2","timestamp":1772845898014,"location":"signinTouristAdmin.php","message":"POST received","data":{"username":"Maria C.","username_len":8,"has_password":false},"hypothesisId":"H3,H4"}
{"sessionId":"4384f2","timestamp":1772845898015,"location":"signinTouristAdmin.php","message":"lookup result","data":{"active_row_found":true,"user_by_username":{"id":8,"role":"admin","status":"Active"}},"hypothesisId":"H1,H2,H5"}
{"sessionId":"4384f2","timestamp":1772845913622,"location":"signinTouristAdmin.php","message":"POST received","data":{"username":"Maria C.","username_len":8,"has_password":false},"hypothesisId":"H3,H4"}
{"sessionId":"4384f2","timestamp":1772845913627,"location":"signinTouristAdmin.php","message":"lookup result","data":{"active_row_found":true,"user_by_username":{"id":8,"role":"admin","status":"Active"}},"hypothesisId":"H1,H2,H5"}
{"sessionId":"4384f2","timestamp":1772845968385,"location":"signinTouristAdmin.php","message":"POST received","data":{"username":"Maria C.","username_len":8,"has_password":true},"hypothesisId":"H3,H4"}
{"sessionId":"4384f2","timestamp":1772845968389,"location":"signinTouristAdmin.php","message":"lookup result","data":{"active_row_found":true,"user_by_username":{"id":8,"role":"admin","status":"Active"}},"hypothesisId":"H1,H2,H5"}
{"sessionId":"4384f2","timestamp":1772845975283,"location":"signinTouristAdmin.php","message":"POST received","data":{"username":"Maria C.","username_len":8,"has_password":true},"hypothesisId":"H3,H4"}
{"sessionId":"4384f2","timestamp":1772845975286,"location":"signinTouristAdmin.php","message":"lookup result","data":{"active_row_found":true,"user_by_username":{"id":8,"role":"admin","status":"Active"}},"hypothesisId":"H1,H2,H5"}
{"sessionId":"4384f2","timestamp":1772845980482,"location":"signinTouristAdmin.php","message":"POST received","data":{"username":"Maria C.","username_len":8,"has_password":true},"hypothesisId":"H3,H4"}
{"sessionId":"4384f2","timestamp":1772845980486,"location":"signinTouristAdmin.php","message":"lookup result","data":{"active_row_found":true,"user_by_username":{"id":8,"role":"admin","status":"Active"}},"hypothesisId":"H1,H2,H5"}
{"sessionId":"4384f2","timestamp":1772846144603,"location":"signinTouristAdmin.php","message":"POST received","data":{"username":"jose123","username_len":7,"has_password":true},"hypothesisId":"H3,H4"}
{"sessionId":"4384f2","timestamp":1772846144611,"location":"signinTouristAdmin.php","message":"lookup result","data":{"active_row_found":true,"user_by_username":{"id":12,"role":"tourist","status":"Active"}},"hypothesisId":"H1,H2,H5"}
{"sessionId":"4384f2","timestamp":1772878246662,"location":"signinTouristAdmin.php","message":"POST received","data":{"username":"jose123","username_len":7,"has_password":true},"hypothesisId":"H3,H4"}
{"sessionId":"4384f2","timestamp":1772878246664,"location":"signinTouristAdmin.php","message":"lookup result","data":{"active_row_found":true,"user_by_username":{"id":12,"role":"tourist","status":"Active"}},"hypothesisId":"H1,H2,H5"}
{"sessionId":"4384f2","timestamp":1772878952579,"location":"signinTouristAdmin.php","message":"POST received","data":{"username":"Maria C.","username_len":8,"has_password":true},"hypothesisId":"H3,H4"}
{"sessionId":"4384f2","timestamp":1772878952582,"location":"signinTouristAdmin.php","message":"lookup result","data":{"active_row_found":true,"user_by_username":{"id":8,"role":"admin","status":"Active"}},"hypothesisId":"H1,H2,H5"}
{"sessionId":"4384f2","timestamp":1772879005699,"location":"signinTouristAdmin.php","message":"POST received","data":{"username":"Maria C.","username_len":8,"has_password":true},"hypothesisId":"H3,H4"}
{"sessionId":"4384f2","timestamp":1772879005703,"location":"signinTouristAdmin.php","message":"lookup result","data":{"active_row_found":true,"user_by_username":{"id":8,"role":"admin","status":"Active"}},"hypothesisId":"H1,H2,H5"}
{"sessionId":"4384f2","timestamp":1772881323594,"location":"signinTouristAdmin.php","message":"POST received","data":{"username":"Maria C.","username_len":8,"has_password":true},"hypothesisId":"H3,H4"}
{"sessionId":"4384f2","timestamp":1772881323596,"location":"signinTouristAdmin.php","message":"lookup result","data":{"active_row_found":true,"user_by_username":{"id":8,"role":"admin","status":"Active"}},"hypothesisId":"H1,H2,H5"}
{"sessionId":"4384f2","timestamp":1772881334371,"location":"signinTouristAdmin.php","message":"POST received","data":{"username":"noya1233","username_len":8,"has_password":true},"hypothesisId":"H3,H4"}
{"sessionId":"4384f2","timestamp":1772881334375,"location":"signinTouristAdmin.php","message":"lookup result","data":{"active_row_found":true,"user_by_username":{"id":7,"role":"guide","status":"Active"}},"hypothesisId":"H1,H2,H5"}
{"sessionId":"4384f2","timestamp":1772887209107,"location":"signinTouristAdmin.php","message":"POST received","data":{"username":"jose123","username_len":7,"has_password":true},"hypothesisId":"H3,H4"}
{"sessionId":"4384f2","timestamp":1772887209112,"location":"signinTouristAdmin.php","message":"lookup result","data":{"active_row_found":true,"user_by_username":{"id":12,"role":"tourist","status":"Active"}},"hypothesisId":"H1,H2,H5"}
{"sessionId":"4384f2","timestamp":1772887371490,"location":"signinTouristAdmin.php","message":"POST received","data":{"username":"Maria C.","username_len":8,"has_password":true},"hypothesisId":"H3,H4"}
{"sessionId":"4384f2","timestamp":1772887371493,"location":"signinTouristAdmin.php","message":"lookup result","data":{"active_row_found":true,"user_by_username":{"id":8,"role":"admin","status":"Active"}},"hypothesisId":"H1,H2,H5"}
{"sessionId":"4384f2","timestamp":1772888523127,"location":"signinTouristAdmin.php","message":"POST received","data":{"username":"Maria C.","username_len":8,"has_password":true},"hypothesisId":"H3,H4"}
{"sessionId":"4384f2","timestamp":1772888523132,"location":"signinTouristAdmin.php","message":"lookup result","data":{"active_row_found":true,"user_by_username":{"id":8,"role":"admin","status":"Active"}},"hypothesisId":"H1,H2,H5"}
{"sessionId":"4384f2","timestamp":1772888758660,"location":"signinTouristAdmin.php","message":"POST received","data":{"username":"bjparan","username_len":7,"has_password":true},"hypothesisId":"H3,H4"}
{"sessionId":"4384f2","timestamp":1772888758663,"location":"signinTouristAdmin.php","message":"lookup result","data":{"active_row_found":true,"user_by_username":{"id":23,"role":"guide","status":"Active"}},"hypothesisId":"H1,H2,H5"}
{"sessionId":"4384f2","timestamp":1772888840160,"location":"signinTouristAdmin.php","message":"POST received","data":{"username":"Maria C.","username_len":8,"has_password":true},"hypothesisId":"H3,H4"}
{"sessionId":"4384f2","timestamp":1772888840163,"location":"signinTouristAdmin.php","message":"lookup result","data":{"active_row_found":true,"user_by_username":{"id":8,"role":"admin","status":"Active"}},"hypothesisId":"H1,H2,H5"}
{"sessionId":"4384f2","timestamp":1772889125998,"location":"signinTouristAdmin.php","message":"POST received","data":{"username":"noya1233","username_len":8,"has_password":true},"hypothesisId":"H3,H4"}
{"sessionId":"4384f2","timestamp":1772889126001,"location":"signinTouristAdmin.php","message":"lookup result","data":{"active_row_found":true,"user_by_username":{"id":7,"role":"guide","status":"Active"}},"hypothesisId":"H1,H2,H5"}
{"sessionId":"4384f2","timestamp":1772889329316,"location":"signinTouristAdmin.php","message":"POST received","data":{"username":"bjparan","username_len":7,"has_password":true},"hypothesisId":"H3,H4"}
{"sessionId":"4384f2","timestamp":1772889329319,"location":"signinTouristAdmin.php","message":"lookup result","data":{"active_row_found":true,"user_by_username":{"id":23,"role":"guide","status":"Active"}},"hypothesisId":"H1,H2,H5"}
{"sessionId":"4384f2","timestamp":1772889369072,"location":"signinTouristAdmin.php","message":"POST received","data":{"username":"Maria C.","username_len":8,"has_password":true},"hypothesisId":"H3,H4"}
{"sessionId":"4384f2","timestamp":1772889369075,"location":"signinTouristAdmin.php","message":"lookup result","data":{"active_row_found":true,"user_by_username":{"id":8,"role":"admin","status":"Active"}},"hypothesisId":"H1,H2,H5"}
{"sessionId":"4384f2","timestamp":1772889531967,"location":"signinTouristAdmin.php","message":"POST received","data":{"username":"jose123","username_len":7,"has_password":true},"hypothesisId":"H3,H4"}
{"sessionId":"4384f2","timestamp":1772889531969,"location":"signinTouristAdmin.php","message":"lookup result","data":{"active_row_found":true,"user_by_username":{"id":12,"role":"tourist","status":"Active"}},"hypothesisId":"H1,H2,H5"}
{"sessionId":"4384f2","timestamp":1772889938935,"location":"signinTouristAdmin.php","message":"POST received","data":{"username":"Maria C.","username_len":8,"has_password":true},"hypothesisId":"H3,H4"}
{"sessionId":"4384f2","timestamp":1772889938937,"location":"signinTouristAdmin.php","message":"lookup result","data":{"active_row_found":true,"user_by_username":{"id":8,"role":"admin","status":"Active"}},"hypothesisId":"H1,H2,H5"}
{"sessionId":"4384f2","timestamp":1772889973483,"location":"signinTouristAdmin.php","message":"POST received","data":{"username":"jose123","username_len":7,"has_password":true},"hypothesisId":"H3,H4"}
{"sessionId":"4384f2","timestamp":1772889973485,"location":"signinTouristAdmin.php","message":"lookup result","data":{"active_row_found":true,"user_by_username":{"id":12,"role":"tourist","status":"Active"}},"hypothesisId":"H1,H2,H5"}
{"sessionId":"4384f2","timestamp":1772890413779,"location":"signinTouristAdmin.php","message":"POST received","data":{"username":"Maria C.","username_len":8,"has_password":true},"hypothesisId":"H3,H4"}
{"sessionId":"4384f2","timestamp":1772890413782,"location":"signinTouristAdmin.php","message":"lookup result","data":{"active_row_found":true,"user_by_username":{"id":8,"role":"admin","status":"Active"}},"hypothesisId":"H1,H2,H5"}
{"sessionId":"4384f2","timestamp":1772890459626,"location":"signinTouristAdmin.php","message":"POST received","data":{"username":"desktop12","username_len":9,"has_password":true},"hypothesisId":"H3,H4"}
{"sessionId":"4384f2","timestamp":1772890459628,"location":"signinTouristAdmin.php","message":"lookup result","data":{"active_row_found":true,"user_by_username":{"id":13,"role":"guide","status":"Active"}},"hypothesisId":"H1,H2,H5"}
{"sessionId":"4384f2","timestamp":1772890464736,"location":"signinTouristAdmin.php","message":"POST received","data":{"username":"desktop12","username_len":9,"has_password":true},"hypothesisId":"H3,H4"}
{"sessionId":"4384f2","timestamp":1772890464739,"location":"signinTouristAdmin.php","message":"lookup result","data":{"active_row_found":true,"user_by_username":{"id":13,"role":"guide","status":"Active"}},"hypothesisId":"H1,H2,H5"}
{"sessionId":"4384f2","timestamp":1772890552679,"location":"signinTouristAdmin.php","message":"POST received","data":{"username":"valenlen","username_len":8,"has_password":true},"hypothesisId":"H3,H4"}
{"sessionId":"4384f2","timestamp":1772890552682,"location":"signinTouristAdmin.php","message":"lookup result","data":{"active_row_found":true,"user_by_username":{"id":28,"role":"tourist","status":"Active"}},"hypothesisId":"H1,H2,H5"}
{"sessionId":"4384f2","timestamp":1772890570809,"location":"signinTouristAdmin.php","message":"POST received","data":{"username":"Maria C.","username_len":8,"has_password":true},"hypothesisId":"H3,H4"}
{"sessionId":"4384f2","timestamp":1772890570811,"location":"signinTouristAdmin.php","message":"lookup result","data":{"active_row_found":true,"user_by_username":{"id":8,"role":"admin","status":"Active"}},"hypothesisId":"H1,H2,H5"}
{"sessionId":"4384f2","timestamp":1772890605722,"location":"signinTouristAdmin.php","message":"POST received","data":{"username":"valenlen","username_len":8,"has_password":true},"hypothesisId":"H3,H4"}
{"sessionId":"4384f2","timestamp":1772890605726,"location":"signinTouristAdmin.php","message":"lookup result","data":{"active_row_found":true,"user_by_username":{"id":28,"role":"tourist","status":"Active"}},"hypothesisId":"H1,H2,H5"}
{"sessionId":"4384f2","timestamp":1772890920885,"location":"signinTouristAdmin.php","message":"POST received","data":{"username":"valenlen","username_len":8,"has_password":true},"hypothesisId":"H3,H4"}
{"sessionId":"4384f2","timestamp":1772890920888,"location":"signinTouristAdmin.php","message":"lookup result","data":{"active_row_found":true,"user_by_username":{"id":28,"role":"tourist","status":"Active"}},"hypothesisId":"H1,H2,H5"}
{"sessionId":"4384f2","timestamp":1772892170286,"location":"signinTouristAdmin.php","message":"POST received","data":{"username":"marmar","username_len":6,"has_password":true},"hypothesisId":"H3,H4"}
{"sessionId":"4384f2","timestamp":1772892170289,"location":"signinTouristAdmin.php","message":"lookup result","data":{"active_row_found":true,"user_by_username":{"id":29,"role":"tourist","status":"Active"}},"hypothesisId":"H1,H2,H5"}
{"sessionId":"4384f2","timestamp":1772892194762,"location":"signinTouristAdmin.php","message":"POST received","data":{"username":"Maria C.","username_len":8,"has_password":true},"hypothesisId":"H3,H4"}
{"sessionId":"4384f2","timestamp":1772892194764,"location":"signinTouristAdmin.php","message":"lookup result","data":{"active_row_found":true,"user_by_username":{"id":8,"role":"admin","status":"Active"}},"hypothesisId":"H1,H2,H5"}
{"sessionId":"4384f2","timestamp":1772892211349,"location":"signinTouristAdmin.php","message":"POST received","data":{"username":"marmar","username_len":6,"has_password":true},"hypothesisId":"H3,H4"}
{"sessionId":"4384f2","timestamp":1772892211350,"location":"signinTouristAdmin.php","message":"lookup result","data":{"active_row_found":true,"user_by_username":{"id":29,"role":"tourist","status":"Active"}},"hypothesisId":"H1,H2,H5"}
{"sessionId":"4384f2","timestamp":1772892249206,"location":"signinTouristAdmin.php","message":"POST received","data":{"username":"Maria C.","username_len":8,"has_password":true},"hypothesisId":"H3,H4"}
{"sessionId":"4384f2","timestamp":1772892249211,"location":"signinTouristAdmin.php","message":"lookup result","data":{"active_row_found":true,"user_by_username":{"id":8,"role":"admin","status":"Active"}},"hypothesisId":"H1,H2,H5"}
{"sessionId":"4384f2","timestamp":1772892260615,"location":"signinTouristAdmin.php","message":"POST received","data":{"username":"yongzong1","username_len":9,"has_password":true},"hypothesisId":"H3,H4"}
{"sessionId":"4384f2","timestamp":1772892260617,"location":"signinTouristAdmin.php","message":"lookup result","data":{"active_row_found":true,"user_by_username":{"id":18,"role":"guide","status":"Active"}},"hypothesisId":"H1,H2,H5"}
{"sessionId":"4384f2","timestamp":1772892266065,"location":"signinTouristAdmin.php","message":"POST received","data":{"username":"yongzong","username_len":8,"has_password":true},"hypothesisId":"H3,H4"}
{"sessionId":"4384f2","timestamp":1772892266068,"location":"signinTouristAdmin.php","message":"lookup result","data":{"active_row_found":true,"user_by_username":{"id":15,"role":"tourist","status":"Active"}},"hypothesisId":"H1,H2,H5"}
{"sessionId":"4384f2","timestamp":1772892274013,"location":"signinTouristAdmin.php","message":"POST received","data":{"username":"yongyong","username_len":8,"has_password":true},"hypothesisId":"H3,H4"}
{"sessionId":"4384f2","timestamp":1772892274015,"location":"signinTouristAdmin.php","message":"lookup result","data":{"active_row_found":false,"user_by_username":null},"hypothesisId":"H1,H2,H5"}
{"sessionId":"4384f2","timestamp":1772892274016,"location":"signinTouristAdmin.php","message":"Account not found or inactive branch","data":{"username":"yongyong"},"hypothesisId":"H1,H2"}
{"sessionId":"4384f2","timestamp":1772892288074,"location":"signinTouristAdmin.php","message":"POST received","data":{"username":"yongzong","username_len":8,"has_password":true},"hypothesisId":"H3,H4"}
{"sessionId":"4384f2","timestamp":1772892288076,"location":"signinTouristAdmin.php","message":"lookup result","data":{"active_row_found":true,"user_by_username":{"id":15,"role":"tourist","status":"Active"}},"hypothesisId":"H1,H2,H5"}
{"sessionId":"4384f2","timestamp":1772892302580,"location":"signinTouristAdmin.php","message":"POST received","data":{"username":"bjparan","username_len":7,"has_password":true},"hypothesisId":"H3,H4"}
{"sessionId":"4384f2","timestamp":1772892302581,"location":"signinTouristAdmin.php","message":"lookup result","data":{"active_row_found":true,"user_by_username":{"id":23,"role":"guide","status":"Active"}},"hypothesisId":"H1,H2,H5"}
{"sessionId":"4384f2","timestamp":1772892312637,"location":"signinTouristAdmin.php","message":"POST received","data":{"username":"marmar","username_len":6,"has_password":true},"hypothesisId":"H3,H4"}
{"sessionId":"4384f2","timestamp":1772892312642,"location":"signinTouristAdmin.php","message":"lookup result","data":{"active_row_found":true,"user_by_username":{"id":29,"role":"tourist","status":"Active"}},"hypothesisId":"H1,H2,H5"}
{"sessionId":"4384f2","timestamp":1772892335263,"location":"signinTouristAdmin.php","message":"POST received","data":{"username":"Maria C.","username_len":8,"has_password":true},"hypothesisId":"H3,H4"}
{"sessionId":"4384f2","timestamp":1772892335265,"location":"signinTouristAdmin.php","message":"lookup result","data":{"active_row_found":true,"user_by_username":{"id":8,"role":"admin","status":"Active"}},"hypothesisId":"H1,H2,H5"}
{"sessionId":"4384f2","timestamp":1772892338957,"location":"signinTouristAdmin.php","message":"POST received","data":{"username":"Maria C.","username_len":8,"has_password":true},"hypothesisId":"H3,H4"}
{"sessionId":"4384f2","timestamp":1772892338959,"location":"signinTouristAdmin.php","message":"lookup result","data":{"active_row_found":true,"user_by_username":{"id":8,"role":"admin","status":"Active"}},"hypothesisId":"H1,H2,H5"}
{"sessionId":"4384f2","timestamp":1772892350671,"location":"signinTouristAdmin.php","message":"POST received","data":{"username":"marmar","username_len":6,"has_password":true},"hypothesisId":"H3,H4"}
{"sessionId":"4384f2","timestamp":1772892350672,"location":"signinTouristAdmin.php","message":"lookup result","data":{"active_row_found":true,"user_by_username":{"id":29,"role":"tourist","status":"Active"}},"hypothesisId":"H1,H2,H5"}
{"sessionId":"4384f2","timestamp":1772892383603,"location":"signinTouristAdmin.php","message":"POST received","data":{"username":"bjparan","username_len":7,"has_password":true},"hypothesisId":"H3,H4"}
{"sessionId":"4384f2","timestamp":1772892383605,"location":"signinTouristAdmin.php","message":"lookup result","data":{"active_row_found":true,"user_by_username":{"id":23,"role":"guide","status":"Active"}},"hypothesisId":"H1,H2,H5"}
{"sessionId":"4384f2","timestamp":1772892632598,"location":"signinTouristAdmin.php","message":"POST received","data":{"username":"Maria C.","username_len":8,"has_password":true},"hypothesisId":"H3,H4"}
{"sessionId":"4384f2","timestamp":1772892632601,"location":"signinTouristAdmin.php","message":"lookup result","data":{"active_row_found":true,"user_by_username":{"id":8,"role":"admin","status":"Active"}},"hypothesisId":"H1,H2,H5"}
{"sessionId":"4384f2","timestamp":1772899171048,"location":"signinTouristAdmin.php","message":"POST received","data":{"username":"Maria C.","username_len":8,"has_password":true},"hypothesisId":"H3,H4"}
{"sessionId":"4384f2","timestamp":1772899171051,"location":"signinTouristAdmin.php","message":"lookup result","data":{"active_row_found":true,"user_by_username":{"id":8,"role":"admin","status":"Active"}},"hypothesisId":"H1,H2,H5"}
{"sessionId":"4384f2","timestamp":1772939953095,"location":"signinTouristAdmin.php","message":"POST received","data":{"username":"valenlen","username_len":8,"has_password":true},"hypothesisId":"H3,H4"}
{"sessionId":"4384f2","timestamp":1772939953096,"location":"signinTouristAdmin.php","message":"lookup result","data":{"active_row_found":true,"user_by_username":{"id":28,"role":"tourist","status":"Active"}},"hypothesisId":"H1,H2,H5"}
{"sessionId":"4384f2","timestamp":1772984732368,"location":"signinTouristAdmin.php","message":"POST received","data":{"username":"Maria C.","username_len":8,"has_password":true},"hypothesisId":"H3,H4"}
{"sessionId":"4384f2","timestamp":1772984732373,"location":"signinTouristAdmin.php","message":"lookup result","data":{"active_row_found":true,"user_by_username":{"id":8,"role":"admin","status":"Active"}},"hypothesisId":"H1,H2,H5"}
{"sessionId":"4384f2","timestamp":1772986584872,"location":"signinTouristAdmin.php","message":"POST received","data":{"username":"Christian","username_len":9,"has_password":true},"hypothesisId":"H3,H4"}
{"sessionId":"4384f2","timestamp":1772986584875,"location":"signinTouristAdmin.php","message":"lookup result","data":{"active_row_found":true,"user_by_username":{"id":9,"role":"admin","status":"Active"}},"hypothesisId":"H1,H2,H5"}
{"sessionId":"4384f2","timestamp":1772986670722,"location":"signinTouristAdmin.php","message":"POST received","data":{"username":"bjparan","username_len":7,"has_password":true},"hypothesisId":"H3,H4"}
{"sessionId":"4384f2","timestamp":1772986670725,"location":"signinTouristAdmin.php","message":"lookup result","data":{"active_row_found":true,"user_by_username":{"id":23,"role":"guide","status":"Active"}},"hypothesisId":"H1,H2,H5"}
{"sessionId":"4384f2","timestamp":1772987012385,"location":"signinTouristAdmin.php","message":"POST received","data":{"username":"Maria C.","username_len":8,"has_password":true},"hypothesisId":"H3,H4"}
{"sessionId":"4384f2","timestamp":1772987012386,"location":"signinTouristAdmin.php","message":"lookup result","data":{"active_row_found":true,"user_by_username":{"id":8,"role":"admin","status":"Active"}},"hypothesisId":"H1,H2,H5"}
{"sessionId":"4384f2","timestamp":1772987102648,"location":"signinTouristAdmin.php","message":"POST received","data":{"username":"Maria C.","username_len":8,"has_password":true},"hypothesisId":"H3,H4"}
{"sessionId":"4384f2","timestamp":1772987102650,"location":"signinTouristAdmin.php","message":"lookup result","data":{"active_row_found":true,"user_by_username":{"id":8,"role":"admin","status":"Active"}},"hypothesisId":"H1,H2,H5"}
{"sessionId":"4384f2","timestamp":1772987127178,"location":"signinTouristAdmin.php","message":"POST received","data":{"username":"bjparan","username_len":7,"has_password":true},"hypothesisId":"H3,H4"}
{"sessionId":"4384f2","timestamp":1772987127181,"location":"signinTouristAdmin.php","message":"lookup result","data":{"active_row_found":true,"user_by_username":{"id":23,"role":"guide","status":"Active"}},"hypothesisId":"H1,H2,H5"}
{"sessionId":"4384f2","timestamp":1772988385024,"location":"signinTouristAdmin.php","message":"POST received","data":{"username":"valenlen","username_len":8,"has_password":true},"hypothesisId":"H3,H4"}
{"sessionId":"4384f2","timestamp":1772988385028,"location":"signinTouristAdmin.php","message":"lookup result","data":{"active_row_found":true,"user_by_username":{"id":28,"role":"tourist","status":"Active"}},"hypothesisId":"H1,H2,H5"}
{"sessionId":"4384f2","timestamp":1772989949391,"location":"signinTouristAdmin.php","message":"POST received","data":{"username":"Maria C.","username_len":8,"has_password":true},"hypothesisId":"H3,H4"}
{"sessionId":"4384f2","timestamp":1772989949398,"location":"signinTouristAdmin.php","message":"lookup result","data":{"active_row_found":true,"user_by_username":{"id":8,"role":"admin","status":"Active"}},"hypothesisId":"H1,H2,H5"}
{"sessionId":"4384f2","timestamp":1772989968458,"location":"signinTouristAdmin.php","message":"POST received","data":{"username":"valenlen","username_len":8,"has_password":true},"hypothesisId":"H3,H4"}
{"sessionId":"4384f2","timestamp":1772989968465,"location":"signinTouristAdmin.php","message":"lookup result","data":{"active_row_found":true,"user_by_username":{"id":28,"role":"tourist","status":"Active"}},"hypothesisId":"H1,H2,H5"}
{"sessionId":"4384f2","timestamp":1773025635804,"location":"signinTouristAdmin.php","message":"POST received","data":{"username":"Maria C.","username_len":8,"has_password":true},"hypothesisId":"H3,H4"}
{"sessionId":"4384f2","timestamp":1773025635807,"location":"signinTouristAdmin.php","message":"lookup result","data":{"active_row_found":true,"user_by_username":{"id":8,"role":"admin","status":"Active"}},"hypothesisId":"H1,H2,H5"}
{"sessionId":"4384f2","timestamp":1773025991733,"location":"signinTouristAdmin.php","message":"POST received","data":{"username":"Maria C.","username_len":8,"has_password":true},"hypothesisId":"H3,H4"}
{"sessionId":"4384f2","timestamp":1773025991737,"location":"signinTouristAdmin.php","message":"lookup result","data":{"active_row_found":true,"user_by_username":{"id":8,"role":"admin","status":"Active"}},"hypothesisId":"H1,H2,H5"}
{"sessionId":"4384f2","timestamp":1773026240944,"location":"signinTouristAdmin.php","message":"POST received","data":{"username":"valenlen","username_len":8,"has_password":true},"hypothesisId":"H3,H4"}
{"sessionId":"4384f2","timestamp":1773026240949,"location":"signinTouristAdmin.php","message":"lookup result","data":{"active_row_found":true,"user_by_username":{"id":28,"role":"tourist","status":"Active"}},"hypothesisId":"H1,H2,H5"}
{"sessionId":"4384f2","timestamp":1773028550669,"location":"signinTouristAdmin.php","message":"POST received","data":{"username":"Maria C.","username_len":8,"has_password":true},"hypothesisId":"H3,H4"}
{"sessionId":"4384f2","timestamp":1773028550674,"location":"signinTouristAdmin.php","message":"lookup result","data":{"active_row_found":true,"user_by_username":{"id":8,"role":"admin","status":"Active"}},"hypothesisId":"H1,H2,H5"}
{"sessionId":"4384f2","timestamp":1773028645295,"location":"signinTouristAdmin.php","message":"POST received","data":{"username":"noya1233","username_len":8,"has_password":true},"hypothesisId":"H3,H4"}
{"sessionId":"4384f2","timestamp":1773028645300,"location":"signinTouristAdmin.php","message":"lookup result","data":{"active_row_found":true,"user_by_username":{"id":7,"role":"guide","status":"Active"}},"hypothesisId":"H1,H2,H5"}
{"sessionId":"4384f2","timestamp":1773028714563,"location":"signinTouristAdmin.php","message":"POST received","data":{"username":"valenlen","username_len":8,"has_password":true},"hypothesisId":"H3,H4"}
{"sessionId":"4384f2","timestamp":1773028714566,"location":"signinTouristAdmin.php","message":"lookup result","data":{"active_row_found":true,"user_by_username":{"id":28,"role":"tourist","status":"Active"}},"hypothesisId":"H1,H2,H5"}
{"sessionId":"4384f2","timestamp":1773029382325,"location":"signinTouristAdmin.php","message":"POST received","data":{"username":"noya1233","username_len":8,"has_password":true},"hypothesisId":"H3,H4"}
{"sessionId":"4384f2","timestamp":1773029382332,"location":"signinTouristAdmin.php","message":"lookup result","data":{"active_row_found":true,"user_by_username":{"id":7,"role":"guide","status":"Active"}},"hypothesisId":"H1,H2,H5"}
{"sessionId":"4384f2","timestamp":1773029455054,"location":"signinTouristAdmin.php","message":"POST received","data":{"username":"valenlen","username_len":8,"has_password":true},"hypothesisId":"H3,H4"}
{"sessionId":"4384f2","timestamp":1773029455060,"location":"signinTouristAdmin.php","message":"lookup result","data":{"active_row_found":true,"user_by_username":{"id":28,"role":"tourist","status":"Active"}},"hypothesisId":"H1,H2,H5"}
{"sessionId":"4384f2","timestamp":1773029666616,"location":"signinTouristAdmin.php","message":"POST received","data":{"username":"bjparan","username_len":7,"has_password":true},"hypothesisId":"H3,H4"}
{"sessionId":"4384f2","timestamp":1773029666620,"location":"signinTouristAdmin.php","message":"lookup result","data":{"active_row_found":true,"user_by_username":{"id":23,"role":"guide","status":"Active"}},"hypothesisId":"H1,H2,H5"}
{"sessionId":"4384f2","timestamp":1773029739215,"location":"signinTouristAdmin.php","message":"POST received","data":{"username":"noya1233","username_len":8,"has_password":true},"hypothesisId":"H3,H4"}
{"sessionId":"4384f2","timestamp":1773029739218,"location":"signinTouristAdmin.php","message":"lookup result","data":{"active_row_found":true,"user_by_username":{"id":7,"role":"guide","status":"Active"}},"hypothesisId":"H1,H2,H5"}
{"sessionId":"4384f2","timestamp":1773029769646,"location":"signinTouristAdmin.php","message":"POST received","data":{"username":"valenlen","username_len":8,"has_password":true},"hypothesisId":"H3,H4"}
{"sessionId":"4384f2","timestamp":1773029769651,"location":"signinTouristAdmin.php","message":"lookup result","data":{"active_row_found":true,"user_by_username":{"id":28,"role":"tourist","status":"Active"}},"hypothesisId":"H1,H2,H5"}
{"sessionId":"4384f2","timestamp":1773035405975,"location":"signinTouristAdmin.php","message":"POST received","data":{"username":"noya1233","username_len":8,"has_password":true},"hypothesisId":"H3,H4"}
{"sessionId":"4384f2","timestamp":1773035405979,"location":"signinTouristAdmin.php","message":"lookup result","data":{"active_row_found":true,"user_by_username":{"id":7,"role":"guide","status":"Active"}},"hypothesisId":"H1,H2,H5"}
{"sessionId":"4384f2","timestamp":1773035447003,"location":"signinTouristAdmin.php","message":"POST received","data":{"username":"Maria C.","username_len":8,"has_password":true},"hypothesisId":"H3,H4"}
{"sessionId":"4384f2","timestamp":1773035447007,"location":"signinTouristAdmin.php","message":"lookup result","data":{"active_row_found":true,"user_by_username":{"id":8,"role":"admin","status":"Active"}},"hypothesisId":"H1,H2,H5"}
{"sessionId":"4384f2","timestamp":1773047863160,"location":"signinTouristAdmin.php","message":"POST received","data":{"username":"valenlen","username_len":8,"has_password":true},"hypothesisId":"H3,H4"}
{"sessionId":"4384f2","timestamp":1773047863162,"location":"signinTouristAdmin.php","message":"lookup result","data":{"active_row_found":true,"user_by_username":{"id":28,"role":"tourist","status":"Active"}},"hypothesisId":"H1,H2,H5"}
{"sessionId":"4384f2","timestamp":1773047896820,"location":"signinTouristAdmin.php","message":"POST received","data":{"username":"noya1233","username_len":8,"has_password":true},"hypothesisId":"H3,H4"}
{"sessionId":"4384f2","timestamp":1773047896822,"location":"signinTouristAdmin.php","message":"lookup result","data":{"active_row_found":true,"user_by_username":{"id":7,"role":"guide","status":"Active"}},"hypothesisId":"H1,H2,H5"}
{"sessionId":"4384f2","timestamp":1773047958142,"location":"signinTouristAdmin.php","message":"POST received","data":{"username":"valenlen","username_len":8,"has_password":true},"hypothesisId":"H3,H4"}
{"sessionId":"4384f2","timestamp":1773047958144,"location":"signinTouristAdmin.php","message":"lookup result","data":{"active_row_found":true,"user_by_username":{"id":28,"role":"tourist","status":"Active"}},"hypothesisId":"H1,H2,H5"}
{"sessionId":"4384f2","timestamp":1773047975239,"location":"signinTouristAdmin.php","message":"POST received","data":{"username":"Maria C.","username_len":8,"has_password":true},"hypothesisId":"H3,H4"}
{"sessionId":"4384f2","timestamp":1773047975242,"location":"signinTouristAdmin.php","message":"lookup result","data":{"active_row_found":true,"user_by_username":{"id":8,"role":"admin","status":"Active"}},"hypothesisId":"H1,H2,H5"}
{"sessionId":"4384f2","timestamp":1773048004500,"location":"signinTouristAdmin.php","message":"POST received","data":{"username":"Maria C.","username_len":8,"has_password":true},"hypothesisId":"H3,H4"}
{"sessionId":"4384f2","timestamp":1773048004502,"location":"signinTouristAdmin.php","message":"lookup result","data":{"active_row_found":true,"user_by_username":{"id":8,"role":"admin","status":"Active"}},"hypothesisId":"H1,H2,H5"}
{"sessionId":"4384f2","timestamp":1773048021397,"location":"signinTouristAdmin.php","message":"POST received","data":{"username":"Christian","username_len":9,"has_password":true},"hypothesisId":"H3,H4"}
{"sessionId":"4384f2","timestamp":1773048021401,"location":"signinTouristAdmin.php","message":"lookup result","data":{"active_row_found":true,"user_by_username":{"id":9,"role":"admin","status":"Active"}},"hypothesisId":"H1,H2,H5"}
{"sessionId":"4384f2","timestamp":1773048028684,"location":"signinTouristAdmin.php","message":"POST received","data":{"username":"Christian","username_len":9,"has_password":true},"hypothesisId":"H3,H4"}
{"sessionId":"4384f2","timestamp":1773048028687,"location":"signinTouristAdmin.php","message":"lookup result","data":{"active_row_found":true,"user_by_username":{"id":9,"role":"admin","status":"Active"}},"hypothesisId":"H1,H2,H5"}
{"sessionId":"4384f2","timestamp":1773048095725,"location":"signinTouristAdmin.php","message":"POST received","data":{"username":"Maria C.","username_len":8,"has_password":true},"hypothesisId":"H3,H4"}
{"sessionId":"4384f2","timestamp":1773048095730,"location":"signinTouristAdmin.php","message":"lookup result","data":{"active_row_found":true,"user_by_username":{"id":8,"role":"admin","status":"Active"}},"hypothesisId":"H1,H2,H5"}
{"sessionId":"4384f2","timestamp":1773048110802,"location":"signinTouristAdmin.php","message":"POST received","data":{"username":"Maria C.","username_len":8,"has_password":true},"hypothesisId":"H3,H4"}
{"sessionId":"4384f2","timestamp":1773048110804,"location":"signinTouristAdmin.php","message":"lookup result","data":{"active_row_found":true,"user_by_username":{"id":8,"role":"admin","status":"Active"}},"hypothesisId":"H1,H2,H5"}
{"sessionId":"4384f2","timestamp":1773048134908,"location":"signinTouristAdmin.php","message":"POST received","data":{"username":"valenlen","username_len":8,"has_password":true},"hypothesisId":"H3,H4"}
{"sessionId":"4384f2","timestamp":1773048134910,"location":"signinTouristAdmin.php","message":"lookup result","data":{"active_row_found":true,"user_by_username":{"id":28,"role":"tourist","status":"Active"}},"hypothesisId":"H1,H2,H5"}
{"sessionId":"4384f2","timestamp":1773049335782,"location":"signinTouristAdmin.php","message":"POST received","data":{"username":"Maria C.","username_len":8,"has_password":true},"hypothesisId":"H3,H4"}
{"sessionId":"4384f2","timestamp":1773049335790,"location":"signinTouristAdmin.php","message":"lookup result","data":{"active_row_found":true,"user_by_username":{"id":8,"role":"admin","status":"Active"}},"hypothesisId":"H1,H2,H5"}
{"sessionId":"4384f2","timestamp":1773049426276,"location":"signinTouristAdmin.php","message":"POST received","data":{"username":"bjparan","username_len":7,"has_password":true},"hypothesisId":"H3,H4"}
{"sessionId":"4384f2","timestamp":1773049426279,"location":"signinTouristAdmin.php","message":"lookup result","data":{"active_row_found":true,"user_by_username":{"id":23,"role":"guide","status":"Active"}},"hypothesisId":"H1,H2,H5"}
{"sessionId":"4384f2","timestamp":1773049478509,"location":"signinTouristAdmin.php","message":"POST received","data":{"username":"Maria C.","username_len":8,"has_password":true},"hypothesisId":"H3,H4"}
{"sessionId":"4384f2","timestamp":1773049478512,"location":"signinTouristAdmin.php","message":"lookup result","data":{"active_row_found":true,"user_by_username":{"id":8,"role":"admin","status":"Active"}},"hypothesisId":"H1,H2,H5"}
{"sessionId":"4384f2","timestamp":1773050014144,"location":"signinTouristAdmin.php","message":"POST received","data":{"username":"Maria C.","username_len":8,"has_password":true},"hypothesisId":"H3,H4"}
{"sessionId":"4384f2","timestamp":1773050014146,"location":"signinTouristAdmin.php","message":"lookup result","data":{"active_row_found":true,"user_by_username":{"id":8,"role":"admin","status":"Active"}},"hypothesisId":"H1,H2,H5"}
{"sessionId":"4384f2","timestamp":1773050320229,"location":"signinTouristAdmin.php","message":"POST received","data":{"username":"Maria C.","username_len":8,"has_password":true},"hypothesisId":"H3,H4"}
{"sessionId":"4384f2","timestamp":1773050320233,"location":"signinTouristAdmin.php","message":"lookup result","data":{"active_row_found":true,"user_by_username":{"id":8,"role":"admin","status":"Active"}},"hypothesisId":"H1,H2,H5"}
{"sessionId":"4384f2","timestamp":1773050540969,"location":"signinTouristAdmin.php","message":"POST received","data":{"username":"bjparan","username_len":7,"has_password":true},"hypothesisId":"H3,H4"}
{"sessionId":"4384f2","timestamp":1773050540973,"location":"signinTouristAdmin.php","message":"lookup result","data":{"active_row_found":true,"user_by_username":{"id":23,"role":"guide","status":"Active"}},"hypothesisId":"H1,H2,H5"}
{"sessionId":"4384f2","timestamp":1773055010605,"location":"signinTouristAdmin.php","message":"POST received","data":{"username":"Maria C.","username_len":8,"has_password":true},"hypothesisId":"H3,H4"}
{"sessionId":"4384f2","timestamp":1773055010608,"location":"signinTouristAdmin.php","message":"lookup result","data":{"active_row_found":true,"user_by_username":{"id":8,"role":"admin","status":"Active"}},"hypothesisId":"H1,H2,H5"}
